2023-02-14 13:05:19,802 - [INFO] - Conexão bem-sucedida!
2023-02-14 14:19:19,694 - [INFO] - Conexão bem-sucedida!
2023-02-14 19:12:14,481 - [INFO] - Conexão bem-sucedida!
2023-02-15 00:52:20,388 - [INFO] -  
2023-02-15 00:52:20,389 - [INFO] - ==================================================
2023-02-15 00:52:20,389 - [INFO] - Nova ordem de COMPRA. Moeda: ALICEUSDT - $23
2023-02-15 00:52:20,389 - [INFO] - ==================================================
2023-02-15 00:52:32,474 - [INFO] - Take-Profit. Moeda: ALICEUSDT - 2
2023-02-15 00:52:34,725 - [INFO] -  
2023-02-15 00:52:34,725 - [INFO] - ==================================================
2023-02-15 00:52:34,725 - [INFO] - Nova ordem de COMPRA. Moeda: DOTUSDT - $6.7
2023-02-15 00:52:34,725 - [INFO] - ==================================================
2023-02-15 00:52:37,676 - [INFO] - Take-Profit. Moeda: DOTUSDT - 0
2023-02-15 00:52:38,514 - [INFO] -  
2023-02-15 00:52:38,514 - [INFO] - ==================================================
2023-02-15 00:52:38,514 - [INFO] - Nova ordem de COMPRA. Moeda: XRPUSDT - $109
2023-02-15 00:52:38,514 - [INFO] - ==================================================
2023-02-15 00:52:41,465 - [INFO] - Take-Profit. Moeda: XRPUSDT - 0
2023-02-15 05:05:19,016 - [INFO] -  
2023-02-15 05:05:19,016 - [INFO] - --------------------------------------------------
2023-02-15 05:05:19,017 - [INFO] - Fechando posicao:  DOTUSDT
2023-02-15 08:33:12,783 - [INFO] -  
2023-02-15 08:33:12,783 - [INFO] - ==================================================
2023-02-15 08:33:12,784 - [INFO] - Nova ordem de COMPRA. Moeda: DODOUSDT - $297
2023-02-15 08:33:12,784 - [INFO] - ==================================================
2023-02-15 08:33:13,099 - [ERROR] - Erro create_order_buy_long_or_short: APIError(code=-1121): Invalid symbol.
2023-02-15 08:33:14,484 - [INFO] -  
2023-02-15 08:33:14,484 - [INFO] - ==================================================
2023-02-15 08:33:14,484 - [INFO] - Nova ordem de COMPRA. Moeda: SANDUSDT - $59
2023-02-15 08:33:14,484 - [INFO] - ==================================================
2023-02-15 08:33:17,335 - [INFO] - Take-Profit. Moeda: SANDUSDT - 0
2023-02-15 08:33:18,580 - [INFO] -  
2023-02-15 08:33:18,580 - [INFO] - ==================================================
2023-02-15 08:33:18,580 - [INFO] - Nova ordem de COMPRA. Moeda: VETUSDT - $1737
2023-02-15 08:33:18,580 - [INFO] - ==================================================
2023-02-15 08:33:21,531 - [INFO] - Take-Profit. Moeda: VETUSDT - 0
2023-02-15 08:33:22,880 - [INFO] -  
2023-02-15 08:33:22,880 - [INFO] - ==================================================
2023-02-15 08:33:22,917 - [INFO] - Nova ordem de COMPRA. Moeda: WAVESUSDT - $17
2023-02-15 08:33:22,917 - [INFO] - ==================================================
2023-02-15 08:33:23,289 - [ERROR] - Erro create_order_buy_long_or_short: APIError(code=-2027): Exceeded the maximum allowable position at current leverage.
2023-02-15 08:33:24,007 - [INFO] -  
2023-02-15 08:33:24,007 - [INFO] - ==================================================
2023-02-15 08:33:24,007 - [INFO] - Nova ordem de COMPRA. Moeda: THETAUSDT - $37
2023-02-15 08:33:24,007 - [INFO] - ==================================================
2023-02-15 08:33:26,622 - [ERROR] - Erro add_stop_limit: APIError(code=-2021): Order would immediately trigger.
2023-02-15 08:33:34,142 - [INFO] - Take-Profit. Moeda: THETAUSDT - 2
2023-02-15 08:33:36,090 - [INFO] -  
2023-02-15 08:33:36,090 - [INFO] - --------------------------------------------------
2023-02-15 08:33:36,090 - [INFO] - Fechando posicao:  THETAUSDT
2023-02-15 08:33:36,522 - [INFO] -  
2023-02-15 08:33:36,522 - [INFO] - --------------------------------------------------
2023-02-15 08:33:36,523 - [INFO] - Fechando posicao:  THETAUSDT
2023-02-15 08:33:36,853 - [ERROR] - Erro closed_market: APIError(code=-2022): ReduceOnly Order is rejected.
2023-02-15 08:36:15,937 - [INFO] -  
2023-02-15 08:36:15,937 - [INFO] - --------------------------------------------------
2023-02-15 08:36:15,937 - [INFO] - Fechando posicao:  SANDUSDT
2023-02-15 16:38:26,914 - [INFO] -  
2023-02-15 16:38:26,914 - [INFO] - --------------------------------------------------
2023-02-15 16:38:26,914 - [INFO] - Fechando posicao:  XRPUSDT
2023-02-15 17:16:37,982 - [INFO] -  
2023-02-15 17:16:37,982 - [INFO] - --------------------------------------------------
2023-02-15 17:16:37,982 - [INFO] - Fechando posicao:  VETUSDT
2023-02-15 17:35:28,766 - [INFO] -  
2023-02-15 17:35:28,766 - [INFO] - --------------------------------------------------
2023-02-15 17:35:28,766 - [INFO] - Fechando posicao:  ALICEUSDT
2023-02-16 11:21:47,991 - [INFO] -  
2023-02-16 11:21:47,991 - [INFO] - ==================================================
2023-02-16 11:21:47,991 - [INFO] - Nova ordem de COMPRA. Moeda: IOSTUSDT - $3993
2023-02-16 11:21:47,991 - [INFO] - ==================================================
2023-02-16 11:21:52,496 - [INFO] - Take-Profit. Moeda: IOSTUSDT - 2
2023-02-16 11:21:53,213 - [INFO] -  
2023-02-16 11:21:53,236 - [INFO] - ==================================================
2023-02-16 11:21:53,237 - [INFO] - Nova ordem de COMPRA. Moeda: CELRUSDT - $1909
2023-02-16 11:21:53,237 - [INFO] - ==================================================
2023-02-16 11:22:03,453 - [INFO] - Take-Profit. Moeda: CELRUSDT - 2
2023-02-16 11:22:04,068 - [INFO] -  
2023-02-16 11:22:04,068 - [INFO] - ==================================================
2023-02-16 11:22:04,068 - [INFO] - Nova ordem de COMPRA. Moeda: TOMOUSDT - $107
2023-02-16 11:22:04,068 - [INFO] - ==================================================
2023-02-16 11:22:11,645 - [INFO] - Take-Profit. Moeda: TOMOUSDT - 2
2023-02-16 11:22:12,259 - [INFO] -  
2023-02-16 11:22:12,260 - [INFO] - ==================================================
2023-02-16 11:22:12,260 - [INFO] - Nova ordem de COMPRA. Moeda: HBARUSDT - $498
2023-02-16 11:22:12,260 - [INFO] - ==================================================
2023-02-16 11:22:15,536 - [INFO] - Take-Profit. Moeda: HBARUSDT - 2
2023-02-16 11:22:16,944 - [INFO] -  
2023-02-16 11:22:16,944 - [INFO] - --------------------------------------------------
2023-02-16 11:22:16,981 - [INFO] - Fechando posicao:  TOMOUSDT
2023-02-16 11:22:17,586 - [INFO] -  
2023-02-16 11:22:17,586 - [INFO] - --------------------------------------------------
2023-02-16 11:22:17,586 - [INFO] - Fechando posicao:  TOMOUSDT
2023-02-16 11:22:17,891 - [ERROR] - Erro closed_market: APIError(code=-2022): ReduceOnly Order is rejected.
2023-02-16 11:22:32,842 - [INFO] -  
2023-02-16 11:22:32,842 - [INFO] - --------------------------------------------------
2023-02-16 11:22:32,842 - [INFO] - Fechando posicao:  CELRUSDT
2023-02-16 11:22:33,269 - [INFO] -  
2023-02-16 11:22:33,269 - [INFO] - --------------------------------------------------
2023-02-16 11:22:33,269 - [INFO] - Fechando posicao:  IOSTUSDT
2023-02-16 11:23:32,554 - [INFO] -  
2023-02-16 11:23:32,555 - [INFO] - --------------------------------------------------
2023-02-16 11:23:32,555 - [INFO] - Fechando posicao:  HBARUSDT
2023-02-16 11:51:53,513 - [INFO] -  
2023-02-16 11:51:53,513 - [INFO] - ==================================================
2023-02-16 11:51:53,514 - [INFO] - Nova ordem de COMPRA. Moeda: ZENUSDT - $3.1
2023-02-16 11:51:53,514 - [INFO] - ==================================================
2023-02-16 11:52:02,320 - [INFO] - Take-Profit. Moeda: ZENUSDT - 2
2023-02-16 12:00:28,791 - [INFO] -  
2023-02-16 12:00:28,791 - [INFO] - ==================================================
2023-02-16 12:00:28,791 - [INFO] - Nova ordem de COMPRA. Moeda: SKLUSDT - $745
2023-02-16 12:00:28,791 - [INFO] - ==================================================
2023-02-16 12:00:37,904 - [INFO] - Take-Profit. Moeda: SKLUSDT - 2
2023-02-16 12:00:39,778 - [INFO] -  
2023-02-16 12:00:39,779 - [INFO] - --------------------------------------------------
2023-02-16 12:00:39,779 - [INFO] - Fechando posicao:  SKLUSDT
2023-02-16 12:00:40,177 - [INFO] -  
2023-02-16 12:00:40,177 - [INFO] - --------------------------------------------------
2023-02-16 12:00:40,214 - [INFO] - Fechando posicao:  ZENUSDT
2023-02-16 12:38:18,201 - [INFO] -  
2023-02-16 12:38:18,201 - [INFO] - ==================================================
2023-02-16 12:38:18,201 - [INFO] - Nova ordem de COMPRA. Moeda: SXPUSDT - $128
2023-02-16 12:38:18,201 - [INFO] - ==================================================
2023-02-16 12:38:27,258 - [INFO] - Take-Profit. Moeda: SXPUSDT - 2
2023-02-16 12:38:27,929 - [INFO] -  
2023-02-16 12:38:27,929 - [INFO] - ==================================================
2023-02-16 12:38:27,929 - [INFO] - Nova ordem de COMPRA. Moeda: CHZUSDT - $311
2023-02-16 12:38:27,929 - [INFO] - ==================================================
2023-02-16 12:38:37,248 - [INFO] - Take-Profit. Moeda: CHZUSDT - 2
2023-02-16 12:38:38,440 - [INFO] -  
2023-02-16 12:38:38,440 - [INFO] - ==================================================
2023-02-16 12:38:38,440 - [INFO] - Nova ordem de COMPRA. Moeda: COTIUSDT - $435
2023-02-16 12:38:38,440 - [INFO] - ==================================================
2023-02-16 12:38:42,164 - [INFO] - Take-Profit. Moeda: COTIUSDT - 2
2023-02-16 12:38:42,777 - [INFO] -  
2023-02-16 12:38:42,778 - [INFO] - ==================================================
2023-02-16 12:38:42,778 - [INFO] - Nova ordem de COMPRA. Moeda: UNIUSDT - $6.4
2023-02-16 12:38:42,778 - [INFO] - ==================================================
2023-02-16 12:38:48,819 - [INFO] - Take-Profit. Moeda: UNIUSDT - 2
2023-02-16 12:40:32,114 - [INFO] -  
2023-02-16 12:40:32,114 - [INFO] - --------------------------------------------------
2023-02-16 12:40:32,114 - [INFO] - Fechando posicao:  SXPUSDT
2023-02-16 13:06:39,836 - [INFO] -  
2023-02-16 13:06:39,836 - [INFO] - ==================================================
2023-02-16 13:06:39,836 - [INFO] - Nova ordem de COMPRA. Moeda: ZECUSDT - $0.95
2023-02-16 13:06:39,836 - [INFO] - ==================================================
2023-02-16 13:06:42,379 - [INFO] - Take-Profit. Moeda: ZECUSDT - 0
2023-02-16 13:06:43,577 - [INFO] -  
2023-02-16 13:06:43,578 - [INFO] - ==================================================
2023-02-16 13:06:43,578 - [INFO] - Nova ordem de COMPRA. Moeda: TOMOUSDT - $106
2023-02-16 13:06:43,578 - [INFO] - ==================================================
2023-02-16 13:06:54,275 - [INFO] - Take-Profit. Moeda: TOMOUSDT - 2
2023-02-16 13:06:55,504 - [INFO] -  
2023-02-16 13:06:55,504 - [INFO] - ==================================================
2023-02-16 13:06:55,504 - [INFO] - Nova ordem de COMPRA. Moeda: HBARUSDT - $478
2023-02-16 13:06:55,504 - [INFO] - ==================================================
2023-02-16 13:07:02,467 - [INFO] - Take-Profit. Moeda: HBARUSDT - 2
2023-02-16 13:07:03,854 - [INFO] -  
2023-02-16 13:07:03,855 - [INFO] - --------------------------------------------------
2023-02-16 13:07:03,855 - [INFO] - Fechando posicao:  ZECUSDT
2023-02-16 13:07:04,232 - [INFO] -  
2023-02-16 13:07:04,233 - [INFO] - --------------------------------------------------
2023-02-16 13:07:04,233 - [INFO] - Fechando posicao:  ZECUSDT
2023-02-16 13:07:04,618 - [ERROR] - Erro closed_market: APIError(code=-2022): ReduceOnly Order is rejected.
2023-02-16 13:07:04,619 - [INFO] -  
2023-02-16 13:07:04,619 - [INFO] - --------------------------------------------------
2023-02-16 13:07:04,619 - [INFO] - Fechando posicao:  TOMOUSDT
2023-02-16 13:07:04,963 - [INFO] -  
2023-02-16 13:07:04,963 - [INFO] - --------------------------------------------------
2023-02-16 13:07:04,963 - [INFO] - Fechando posicao:  TOMOUSDT
2023-02-16 13:07:05,334 - [ERROR] - Erro closed_market: APIError(code=-2022): ReduceOnly Order is rejected.
2023-02-16 13:07:19,671 - [INFO] -  
2023-02-16 13:07:19,671 - [INFO] - ==================================================
2023-02-16 13:07:19,671 - [INFO] - Nova ordem de COMPRA. Moeda: TOMOUSDT - $105
2023-02-16 13:07:19,671 - [INFO] - ==================================================
2023-02-16 13:07:23,852 - [INFO] - Take-Profit. Moeda: TOMOUSDT - 0
2023-02-16 13:07:23,874 - [INFO] - DUPLICIDADE na crypto: HBARUSDT
2023-02-16 13:07:24,484 - [INFO] -  
2023-02-16 13:07:24,484 - [INFO] - ==================================================
2023-02-16 13:07:24,484 - [INFO] - Nova ordem de COMPRA. Moeda: HBARUSDT - $477
2023-02-16 13:07:24,484 - [INFO] - ==================================================
2023-02-16 13:07:27,212 - [ERROR] - Erro add_stop_limit: APIError(code=-4130): An open stop or take profit order with GTE and closePosition in the direction is existing.
2023-02-16 13:07:34,008 - [INFO] - Take-Profit. Moeda: HBARUSDT - 2
2023-02-16 13:07:34,622 - [INFO] -  
2023-02-16 13:07:34,622 - [INFO] - ==================================================
2023-02-16 13:07:34,622 - [INFO] - Nova ordem de COMPRA. Moeda: ZECUSDT - $0.94
2023-02-16 13:07:34,622 - [INFO] - ==================================================
2023-02-16 13:07:43,021 - [INFO] - Take-Profit. Moeda: ZECUSDT - 2
2023-02-16 13:07:45,068 - [INFO] -  
2023-02-16 13:07:45,068 - [INFO] - --------------------------------------------------
2023-02-16 13:07:45,068 - [INFO] - Fechando posicao:  ZECUSDT
2023-02-16 13:07:46,417 - [INFO] -  
2023-02-16 13:07:46,418 - [INFO] - --------------------------------------------------
2023-02-16 13:07:46,418 - [INFO] - Fechando posicao:  TOMOUSDT
2023-02-16 13:10:35,465 - [INFO] -  
2023-02-16 13:10:35,465 - [INFO] - --------------------------------------------------
2023-02-16 13:10:35,465 - [INFO] - Fechando posicao:  CHZUSDT
